<?xml version="1.0" encoding="UTF-8"?>
<testng-results ignored="0" total="3" passed="3" failed="0" skipped="0">
  <reporter-output>
  </reporter-output>
  <suite started-at="2026-06-25T18:07:30 IST" name="Default suite" finished-at="2026-06-25T18:07:30 IST" duration-ms="127">
    <groups>
      <group name="reg">
        <method signature="Test_ng_types_of_execution.deleteCity()[pri:0, instance:test_Ng_extra_execution.Test_ng_types_of_execution@41d477ed]" name="deleteCity" class="test_Ng_extra_execution.Test_ng_types_of_execution"/>
        <method signature="Test_ng_types_of_execution.modifyCity()[pri:0, instance:test_Ng_extra_execution.Test_ng_types_of_execution@41d477ed]" name="modifyCity" class="test_Ng_extra_execution.Test_ng_types_of_execution"/>
      </group> <!-- reg -->
      <group name="smoke">
        <method signature="Test_ng_types_of_execution.createCity()[pri:0, instance:test_Ng_extra_execution.Test_ng_types_of_execution@41d477ed]" name="createCity" class="test_Ng_extra_execution.Test_ng_types_of_execution"/>
      </group> <!-- smoke -->
    </groups>
    <test started-at="2026-06-25T18:07:30 IST" name="Default test" finished-at="2026-06-25T18:07:30 IST" duration-ms="127">
      <class name="test_Ng_extra_execution.Test_ng_types_of_execution">
        <test-method signature="createCity()[pri:0, instance:test_Ng_extra_execution.Test_ng_types_of_execution@41d477ed]" started-at="2026-06-25T18:07:30 IST" name="createCity" finished-at="2026-06-25T18:07:30 IST" duration-ms="22" status="PASS">
          <reporter-output>
          </reporter-output>
        </test-method> <!-- createCity -->
        <test-method signature="deleteCity()[pri:0, instance:test_Ng_extra_execution.Test_ng_types_of_execution@41d477ed]" started-at="2026-06-25T18:07:30 IST" name="deleteCity" finished-at="2026-06-25T18:07:30 IST" duration-ms="3" status="PASS">
          <reporter-output>
          </reporter-output>
        </test-method> <!-- deleteCity -->
        <test-method signature="modifyCity()[pri:0, instance:test_Ng_extra_execution.Test_ng_types_of_execution@41d477ed]" started-at="2026-06-25T18:07:30 IST" name="modifyCity" finished-at="2026-06-25T18:07:30 IST" duration-ms="3" status="PASS">
          <reporter-output>
          </reporter-output>
        </test-method> <!-- modifyCity -->
      </class> <!-- test_Ng_extra_execution.Test_ng_types_of_execution -->
    </test> <!-- Default test -->
  </suite> <!-- Default suite -->
</testng-results>
