<?xml version="1.0" encoding="UTF-8"?>
<testng-results ignored="0" total="1" passed="1" failed="0" skipped="0">
  <reporter-output>
  </reporter-output>
  <suite started-at="2026-07-15T14:42:32 IST" name="suite" finished-at="2026-07-15T14:43:16 IST" duration-ms="44588">
    <groups>
    </groups>
    <test started-at="2026-07-15T14:42:32 IST" name="test" finished-at="2026-07-15T14:43:16 IST" duration-ms="44588">
      <class name="Admin.CreateAdmin_Test">
        <test-method is-config="true" signature="setUp(java.lang.String)[pri:0, instance:Admin.CreateAdmin_Test@4fb0f2b9]" started-at="2026-07-15T14:42:32 IST" name="setUp" finished-at="2026-07-15T14:42:37 IST" duration-ms="5037" status="PASS">
          <params>
            <param index="0">
              <value>
                <![CDATA[edge]]>
              </value>
            </param>
          </params>
          <reporter-output>
          </reporter-output>
        </test-method> <!-- setUp -->
        <test-method is-config="true" signature="login()[pri:0, instance:Admin.CreateAdmin_Test@4fb0f2b9]" started-at="2026-07-15T14:42:37 IST" name="login" finished-at="2026-07-15T14:42:47 IST" duration-ms="10491" status="PASS">
          <reporter-output>
          </reporter-output>
        </test-method> <!-- login -->
        <test-method signature="getAdminCreate()[pri:0, instance:Admin.CreateAdmin_Test@4fb0f2b9]" started-at="2026-07-15T14:42:47 IST" name="getAdminCreate" finished-at="2026-07-15T14:43:09 IST" duration-ms="21675" status="PASS">
          <reporter-output>
          </reporter-output>
        </test-method> <!-- getAdminCreate -->
        <test-method is-config="true" signature="logout()[pri:0, instance:Admin.CreateAdmin_Test@4fb0f2b9]" started-at="2026-07-15T14:43:09 IST" name="logout" finished-at="2026-07-15T14:43:16 IST" duration-ms="6947" status="PASS">
          <reporter-output>
          </reporter-output>
        </test-method> <!-- logout -->
        <test-method is-config="true" signature="tearDown()[pri:0, instance:Admin.CreateAdmin_Test@4fb0f2b9]" started-at="2026-07-15T14:43:16 IST" name="tearDown" finished-at="2026-07-15T14:43:16 IST" duration-ms="395" status="PASS">
          <reporter-output>
          </reporter-output>
        </test-method> <!-- tearDown -->
      </class> <!-- Admin.CreateAdmin_Test -->
    </test> <!-- test -->
  </suite> <!-- suite -->
</testng-results>
