<?xml version="1.0" encoding="UTF-8"?>
<!-- Generated by org.testng.reporters.JUnitXMLReporter -->
<testsuite ignored="0" hostname="DESKTOP-SG98DDB" failures="0" tests="3" name="Default test" time="0.127" errors="0" timestamp="2026-06-25T18:07:30 IST">
  <testcase classname="test_Ng_extra_execution.Test_ng_types_of_execution" name="createCity" time="0.022"/>
  <testcase classname="test_Ng_extra_execution.Test_ng_types_of_execution" name="deleteCity" time="0.003"/>
  <testcase classname="test_Ng_extra_execution.Test_ng_types_of_execution" name="modifyCity" time="0.003"/>
</testsuite> <!-- Default test -->
